# JRE version: OpenJDK Runtime Environment Corretto-17.0.5.8.1 (17.0.5+8) (build 17.0.5+8-LTS)
# Java VM: OpenJDK 64-Bit Server VM Corretto-17.0.5.8.1 (17.0.5+8-LTS, mixed mode, sharing, tiered, compressed oops, compressed class ptrs, g1 gc, windows-amd64)
GC Precious Log:
 CPUs: 12 total, 12 available
 Memory: 16251M
 Large Page Support: Disabled
 NUMA Support: Disabled
 Compressed Oops: Enabled (Zero based)
 Heap Region Size: 2M
 Heap Min Capacity: 8M
 Heap Initial Capacity: 254M
 Heap Max Capacity: 4064M
 Pre-touch: Disabled
 Parallel Workers: 10
 Concurrent Workers: 3
 Concurrent Refinement Workers: 10
 Periodic GC: Disabled
Heap:
 garbage-first heap   total 157696K, used 46719K [0x0000000702000000, 0x0000000800000000)
  region size 2048K, 15 young (30720K), 2 survivors (4096K)
 Metaspace       used 50224K, committed 50560K, reserved 1097728K
  class space    used 6551K, committed 6720K, reserved 1048576K
GC Heap History (20 events):
Event: 2.082 GC heap before
{Heap before GC invocations=1 (full 0):
 garbage-first heap   total 260096K, used 29761K [0x0000000702000000, 0x0000000800000000)
  region size 2048K, 14 young (28672K), 2 survivors (4096K)
 Metaspace       used 11656K, committed 11840K, reserved 1064960K
  class space    used 1557K, committed 1664K, reserved 1048576K
}
Event: 2.084 GC heap after
{Heap after GC invocations=2 (full 0):
 garbage-first heap   total 260096K, used 9245K [0x0000000702000000, 0x0000000800000000)
  region size 2048K, 1 young (2048K), 1 survivors (2048K)
 Metaspace       used 11656K, committed 11840K, reserved 1064960K
  class space    used 1557K, committed 1664K, reserved 1048576K
}
Event: 2.747 GC heap before
{Heap before GC invocations=2 (full 0):
 garbage-first heap   total 260096K, used 64541K [0x0000000702000000, 0x0000000800000000)
  region size 2048K, 29 young (59392K), 1 survivors (2048K)
 Metaspace       used 21280K, committed 21504K, reserved 1073152K
  class space    used 2704K, committed 2816K, reserved 1048576K
}
Event: 2.751 GC heap after
{Heap after GC invocations=3 (full 0):
 garbage-first heap   total 260096K, used 13254K [0x0000000702000000, 0x0000000800000000)
  region size 2048K, 3 young (6144K), 3 survivors (6144K)
 Metaspace       used 21280K, committed 21504K, reserved 1073152K
  class space    used 2704K, committed 2816K, reserved 1048576K
}
Event: 3.204 GC heap before
{Heap before GC invocations=4 (full 0):
 garbage-first heap   total 55296K, used 37830K [0x0000000702000000, 0x0000000800000000)
  region size 2048K, 16 young (32768K), 3 survivors (6144K)
 Metaspace       used 26162K, committed 26496K, reserved 1073152K
  class space    used 3403K, committed 3584K, reserved 1048576K
}
Event: 3.210 GC heap after
{Heap after GC invocations=5 (full 0):
 garbage-first heap   total 55296K, used 15741K [0x0000000702000000, 0x0000000800000000)
  region size 2048K, 2 young (4096K), 2 survivors (4096K)
 Metaspace       used 26162K, committed 26496K, reserved 1073152K
  class space    used 3403K, committed 3584K, reserved 1048576K
}
Event: 3.240 GC heap before
{Heap before GC invocations=5 (full 0):
 garbage-first heap   total 55296K, used 17789K [0x0000000702000000, 0x0000000800000000)
  region size 2048K, 3 young (6144K), 2 survivors (4096K)
 Metaspace       used 26473K, committed 26816K, reserved 1073152K
  class space    used 3454K, committed 3648K, reserved 1048576K
}
Event: 3.243 GC heap after
{Heap after GC invocations=6 (full 0):
 garbage-first heap   total 55296K, used 16416K [0x0000000702000000, 0x0000000800000000)
  region size 2048K, 1 young (2048K), 1 survivors (2048K)
 Metaspace       used 26473K, committed 26816K, reserved 1073152K
  class space    used 3454K, committed 3648K, reserved 1048576K
}
Event: 3.636 GC heap before
{Heap before GC invocations=6 (full 0):
 garbage-first heap   total 55296K, used 34848K [0x0000000702000000, 0x0000000800000000)
  region size 2048K, 10 young (20480K), 1 survivors (2048K)
 Metaspace       used 30394K, committed 30848K, reserved 1081344K
  class space    used 3954K, committed 4160K, reserved 1048576K
}
Event: 3.638 GC heap after
{Heap after GC invocations=7 (full 0):
 garbage-first heap   total 55296K, used 17914K [0x0000000702000000, 0x0000000800000000)
  region size 2048K, 2 young (4096K), 2 survivors (4096K)
 Metaspace       used 30394K, committed 30848K, reserved 1081344K
  class space    used 3954K, committed 4160K, reserved 1048576K
}
Event: 4.074 GC heap before
{Heap before GC invocations=7 (full 0):
 garbage-first heap   total 55296K, used 34298K [0x0000000702000000, 0x0000000800000000)
  region size 2048K, 11 young (22528K), 2 survivors (4096K)
 Metaspace       used 34899K, committed 35328K, reserved 1081344K
  class space    used 4513K, committed 4736K, reserved 1048576K
}
Event: 4.075 GC heap after
{Heap after GC invocations=8 (full 0):
 garbage-first heap   total 55296K, used 19218K [0x0000000702000000, 0x0000000800000000)
  region size 2048K, 2 young (4096K), 2 survivors (4096K)
 Metaspace       used 34899K, committed 35328K, reserved 1081344K
  class space    used 4513K, committed 4736K, reserved 1048576K
}
Event: 4.120 GC heap before
{Heap before GC invocations=8 (full 0):
 garbage-first heap   total 55296K, used 21266K [0x0000000702000000, 0x0000000800000000)
  region size 2048K, 4 young (8192K), 2 survivors (4096K)
 Metaspace       used 35687K, committed 36096K, reserved 1081344K
  class space    used 4611K, committed 4800K, reserved 1048576K
}
Event: 4.122 GC heap after
{Heap after GC invocations=9 (full 0):
 garbage-first heap   total 55296K, used 19451K [0x0000000702000000, 0x0000000800000000)
  region size 2048K, 1 young (2048K), 1 survivors (2048K)
 Metaspace       used 35687K, committed 36096K, reserved 1081344K
  class space    used 4611K, committed 4800K, reserved 1048576K
}
Event: 4.422 GC heap before
{Heap before GC invocations=10 (full 0):
 garbage-first heap   total 55296K, used 39931K [0x0000000702000000, 0x0000000800000000)
  region size 2048K, 11 young (22528K), 1 survivors (2048K)
 Metaspace       used 40309K, committed 40704K, reserved 1089536K
  class space    used 5121K, committed 5312K, reserved 1048576K
}
Event: 4.424 GC heap after
{Heap after GC invocations=11 (full 0):
 garbage-first heap   total 55296K, used 20238K [0x0000000702000000, 0x0000000800000000)
  region size 2048K, 2 young (4096K), 2 survivors (4096K)
 Metaspace       used 40309K, committed 40704K, reserved 1089536K
  class space    used 5121K, committed 5312K, reserved 1048576K
}
Event: 4.454 GC heap before
{Heap before GC invocations=11 (full 0):
 garbage-first heap   total 55296K, used 22286K [0x0000000702000000, 0x0000000800000000)
  region size 2048K, 3 young (6144K), 2 survivors (4096K)
 Metaspace       used 40633K, committed 41088K, reserved 1089536K
  class space    used 5165K, committed 5376K, reserved 1048576K
}
Event: 4.456 GC heap after
{Heap after GC invocations=12 (full 0):
 garbage-first heap   total 55296K, used 20090K [0x0000000702000000, 0x0000000800000000)
  region size 2048K, 1 young (2048K), 1 survivors (2048K)
 Metaspace       used 40633K, committed 41088K, reserved 1089536K
  class space    used 5165K, committed 5376K, reserved 1048576K
}
Event: 4.791 GC heap before
{Heap before GC invocations=12 (full 0):
 garbage-first heap   total 55296K, used 38522K [0x0000000702000000, 0x0000000800000000)
  region size 2048K, 10 young (20480K), 1 survivors (2048K)
 Metaspace       used 43456K, committed 43904K, reserved 1089536K
  class space    used 5515K, committed 5696K, reserved 1048576K
}
Event: 4.793 GC heap after
{Heap after GC invocations=13 (full 0):
 garbage-first heap   total 157696K, used 22143K [0x0000000702000000, 0x0000000800000000)
  region size 2048K, 2 young (4096K), 2 survivors (4096K)
 Metaspace       used 43456K, committed 43904K, reserved 1089536K
  class space    used 5515K, committed 5696K, reserved 1048576K
}

