# JRE version: OpenJDK Runtime Environment Corretto-17.0.5.8.1 (17.0.5+8) (build 17.0.5+8-LTS)
# Java VM: OpenJDK 64-Bit Server VM Corretto-17.0.5.8.1 (17.0.5+8-LTS, mixed mode, sharing, tiered, compressed oops, compressed class ptrs, g1 gc, windows-amd64)
GC Precious Log:
 CPUs: 12 total, 12 available
 Memory: 16251M
 Large Page Support: Disabled
 NUMA Support: Disabled
 Compressed Oops: Enabled (Zero based)
 Heap Region Size: 2M
 Heap Min Capacity: 8M
 Heap Initial Capacity: 254M
 Heap Max Capacity: 4064M
 Pre-touch: Disabled
 Parallel Workers: 10
 Concurrent Workers: 3
 Concurrent Refinement Workers: 10
 Periodic GC: Disabled
Heap:
 garbage-first heap   total 75776K, used 32234K [0x0000000702000000, 0x0000000800000000)
  region size 2048K, 2 young (4096K), 2 survivors (4096K)
 Metaspace       used 70714K, committed 71232K, reserved 1114112K
  class space    used 9590K, committed 9856K, reserved 1048576K
GC Heap History (20 events):
Event: 1.558 GC heap after
{Heap after GC invocations=6 (full 0):
 garbage-first heap   total 55296K, used 16480K [0x0000000702000000, 0x0000000800000000)
  region size 2048K, 1 young (2048K), 1 survivors (2048K)
 Metaspace       used 26206K, committed 26560K, reserved 1073152K
  class space    used 3407K, committed 3584K, reserved 1048576K
}
Event: 1.864 GC heap before
{Heap before GC invocations=6 (full 0):
 garbage-first heap   total 55296K, used 34912K [0x0000000702000000, 0x0000000800000000)
  region size 2048K, 10 young (20480K), 1 survivors (2048K)
 Metaspace       used 30133K, committed 30528K, reserved 1081344K
  class space    used 3913K, committed 4096K, reserved 1048576K
}
Event: 1.868 GC heap after
{Heap after GC invocations=7 (full 0):
 garbage-first heap   total 157696K, used 18098K [0x0000000702000000, 0x0000000800000000)
  region size 2048K, 2 young (4096K), 2 survivors (4096K)
 Metaspace       used 30133K, committed 30528K, reserved 1081344K
  class space    used 3913K, committed 4096K, reserved 1048576K
}
Event: 2.339 GC heap before
{Heap before GC invocations=7 (full 0):
 garbage-first heap   total 157696K, used 44722K [0x0000000702000000, 0x0000000800000000)
  region size 2048K, 16 young (32768K), 2 survivors (4096K)
 Metaspace       used 35534K, committed 35968K, reserved 1081344K
  class space    used 4569K, committed 4800K, reserved 1048576K
}
Event: 2.342 GC heap after
{Heap after GC invocations=8 (full 0):
 garbage-first heap   total 157696K, used 19592K [0x0000000702000000, 0x0000000800000000)
  region size 2048K, 2 young (4096K), 2 survivors (4096K)
 Metaspace       used 35534K, committed 35968K, reserved 1081344K
  class space    used 4569K, committed 4800K, reserved 1048576K
}
Event: 2.825 GC heap before
{Heap before GC invocations=9 (full 0):
 garbage-first heap   total 75776K, used 60552K [0x0000000702000000, 0x0000000800000000)
  region size 2048K, 22 young (45056K), 2 survivors (4096K)
 Metaspace       used 43561K, committed 43968K, reserved 1089536K
  class space    used 5511K, committed 5696K, reserved 1048576K
}
Event: 2.828 GC heap after
{Heap after GC invocations=10 (full 0):
 garbage-first heap   total 75776K, used 23018K [0x0000000702000000, 0x0000000800000000)
  region size 2048K, 3 young (6144K), 3 survivors (6144K)
 Metaspace       used 43561K, committed 43968K, reserved 1089536K
  class space    used 5511K, committed 5696K, reserved 1048576K
}
Event: 2.848 GC heap before
{Heap before GC invocations=10 (full 0):
 garbage-first heap   total 75776K, used 25066K [0x0000000702000000, 0x0000000800000000)
  region size 2048K, 4 young (8192K), 3 survivors (6144K)
 Metaspace       used 44137K, committed 44608K, reserved 1089536K
  class space    used 5590K, committed 5824K, reserved 1048576K
}
Event: 2.851 GC heap after
{Heap after GC invocations=11 (full 0):
 garbage-first heap   total 75776K, used 23128K [0x0000000702000000, 0x0000000800000000)
  region size 2048K, 1 young (2048K), 1 survivors (2048K)
 Metaspace       used 44137K, committed 44608K, reserved 1089536K
  class space    used 5590K, committed 5824K, reserved 1048576K
}
Event: 3.278 GC heap before
{Heap before GC invocations=11 (full 0):
 garbage-first heap   total 75776K, used 53848K [0x0000000702000000, 0x0000000800000000)
  region size 2048K, 16 young (32768K), 1 survivors (2048K)
 Metaspace       used 52068K, committed 52480K, reserved 1097728K
  class space    used 6735K, committed 6912K, reserved 1048576K
}
Event: 3.280 GC heap after
{Heap after GC invocations=12 (full 0):
 garbage-first heap   total 75776K, used 24300K [0x0000000702000000, 0x0000000800000000)
  region size 2048K, 1 young (2048K), 1 survivors (2048K)
 Metaspace       used 52068K, committed 52480K, reserved 1097728K
  class space    used 6735K, committed 6912K, reserved 1048576K
}
Event: 3.656 GC heap before
{Heap before GC invocations=12 (full 0):
 garbage-first heap   total 75776K, used 57068K [0x0000000702000000, 0x0000000800000000)
  region size 2048K, 17 young (34816K), 1 survivors (2048K)
 Metaspace       used 59389K, committed 59840K, reserved 1105920K
  class space    used 7928K, committed 8128K, reserved 1048576K
}
Event: 3.658 GC heap after
{Heap after GC invocations=13 (full 0):
 garbage-first heap   total 75776K, used 25717K [0x0000000702000000, 0x0000000800000000)
  region size 2048K, 2 young (4096K), 2 survivors (4096K)
 Metaspace       used 59389K, committed 59840K, reserved 1105920K
  class space    used 7928K, committed 8128K, reserved 1048576K
}
Event: 3.678 GC heap before
{Heap before GC invocations=13 (full 0):
 garbage-first heap   total 75776K, used 25717K [0x0000000702000000, 0x0000000800000000)
  region size 2048K, 3 young (6144K), 2 survivors (4096K)
 Metaspace       used 59735K, committed 60160K, reserved 1105920K
  class space    used 7988K, committed 8192K, reserved 1048576K
}
Event: 3.680 GC heap after
{Heap after GC invocations=14 (full 0):
 garbage-first heap   total 75776K, used 26033K [0x0000000702000000, 0x0000000800000000)
  region size 2048K, 1 young (2048K), 1 survivors (2048K)
 Metaspace       used 59735K, committed 60160K, reserved 1105920K
  class space    used 7988K, committed 8192K, reserved 1048576K
}
Event: 4.114 GC heap before
{Heap before GC invocations=15 (full 0):
 garbage-first heap   total 75776K, used 58801K [0x0000000702000000, 0x0000000800000000)
  region size 2048K, 17 young (34816K), 1 survivors (2048K)
 Metaspace       used 65532K, committed 66112K, reserved 1105920K
  class space    used 8853K, committed 9152K, reserved 1048576K
}
Event: 4.116 GC heap after
{Heap after GC invocations=16 (full 0):
 garbage-first heap   total 75776K, used 28219K [0x0000000702000000, 0x0000000800000000)
  region size 2048K, 2 young (4096K), 2 survivors (4096K)
 Metaspace       used 65532K, committed 66112K, reserved 1105920K
  class space    used 8853K, committed 9152K, reserved 1048576K
}
Event: 4.285 GC heap before
{Heap before GC invocations=17 (full 0):
 garbage-first heap   total 75776K, used 58939K [0x0000000702000000, 0x0000000800000000)
  region size 2048K, 17 young (34816K), 2 survivors (4096K)
 Metaspace       used 66317K, committed 66816K, reserved 1114112K
  class space    used 8972K, committed 9216K, reserved 1048576K
}
Event: 4.287 GC heap after
{Heap after GC invocations=18 (full 0):
 garbage-first heap   total 75776K, used 29733K [0x0000000702000000, 0x0000000800000000)
  region size 2048K, 2 young (4096K), 2 survivors (4096K)
 Metaspace       used 66317K, committed 66816K, reserved 1114112K
  class space    used 8972K, committed 9216K, reserved 1048576K
}
Event: 4.654 GC heap before
{Heap before GC invocations=18 (full 0):
 garbage-first heap   total 75776K, used 58405K [0x0000000702000000, 0x0000000800000000)
  region size 2048K, 16 young (32768K), 2 survivors (4096K)
 Metaspace       used 70714K, committed 71232K, reserved 1114112K
  class space    used 9590K, committed 9856K, reserved 1048576K
}

